# JRE version: OpenJDK Runtime Environment (11.0.15) (build 11.0.15+0-b2043.56-9505619)
# Java VM: OpenJDK 64-Bit Server VM (11.0.15+0-b2043.56-9505619, mixed mode, tiered, compressed oops, g1 gc, windows-amd64)
Heap:
 garbage-first heap   total 324608K, used 227135K [0x0000000080000000, 0x0000000100000000)
  region size 1024K, 2 young (2048K), 2 survivors (2048K)
 Metaspace       used 117412K, capacity 120711K, committed 120912K, reserved 1155072K
  class space    used 14794K, capacity 16037K, committed 16128K, reserved 1048576K
GC Heap History (20 events):
Event: 2578.748 GC heap after
{Heap after GC invocations=106 (full 0):
 garbage-first heap   total 270336K, used 207998K [0x0000000080000000, 0x0000000100000000)
  region size 1024K, 2 young (2048K), 2 survivors (2048K)
 Metaspace       used 116352K, capacity 119575K, committed 119760K, reserved 1153024K
  class space    used 14666K, capacity 15877K, committed 16000K, reserved 1048576K
}
Event: 2579.454 GC heap before
{Heap before GC invocations=106 (full 0):
 garbage-first heap   total 270336K, used 227454K [0x0000000080000000, 0x0000000100000000)
  region size 1024K, 22 young (22528K), 2 survivors (2048K)
 Metaspace       used 116710K, capacity 119959K, committed 120016K, reserved 1153024K
  class space    used 14720K, capacity 15959K, committed 16000K, reserved 1048576K
}
Event: 2579.466 GC heap after
{Heap after GC invocations=107 (full 0):
 garbage-first heap   total 270336K, used 209799K [0x0000000080000000, 0x0000000100000000)
  region size 1024K, 3 young (3072K), 3 survivors (3072K)
 Metaspace       used 116710K, capacity 119959K, committed 120016K, reserved 1153024K
  class space    used 14720K, capacity 15959K, committed 16000K, reserved 1048576K
}
Event: 2579.894 GC heap before
{Heap before GC invocations=108 (full 0):
 garbage-first heap   total 270336K, used 228231K [0x0000000080000000, 0x0000000100000000)
  region size 1024K, 24 young (24576K), 3 survivors (3072K)
 Metaspace       used 117362K, capacity 120643K, committed 120912K, reserved 1155072K
  class space    used 14792K, capacity 16036K, committed 16128K, reserved 1048576K
}
Event: 2579.902 GC heap after
{Heap after GC invocations=109 (full 0):
 garbage-first heap   total 270336K, used 210547K [0x0000000080000000, 0x0000000100000000)
  region size 1024K, 3 young (3072K), 3 survivors (3072K)
 Metaspace       used 117362K, capacity 120643K, committed 120912K, reserved 1155072K
  class space    used 14792K, capacity 16036K, committed 16128K, reserved 1048576K
}
Event: 2579.942 GC heap before
{Heap before GC invocations=109 (full 0):
 garbage-first heap   total 270336K, used 219763K [0x0000000080000000, 0x0000000100000000)
  region size 1024K, 13 young (13312K), 3 survivors (3072K)
 Metaspace       used 117373K, capacity 120707K, committed 120912K, reserved 1155072K
  class space    used 14792K, capacity 16036K, committed 16128K, reserved 1048576K
}
Event: 2579.948 GC heap after
{Heap after GC invocations=110 (full 0):
 garbage-first heap   total 270336K, used 206502K [0x0000000080000000, 0x0000000100000000)
  region size 1024K, 2 young (2048K), 2 survivors (2048K)
 Metaspace       used 117373K, capacity 120707K, committed 120912K, reserved 1155072K
  class space    used 14792K, capacity 16036K, committed 16128K, reserved 1048576K
}
Event: 2580.106 GC heap before
{Heap before GC invocations=110 (full 0):
 garbage-first heap   total 270336K, used 226982K [0x0000000080000000, 0x0000000100000000)
  region size 1024K, 23 young (23552K), 2 survivors (2048K)
 Metaspace       used 117384K, capacity 120711K, committed 120912K, reserved 1155072K
  class space    used 14793K, capacity 16037K, committed 16128K, reserved 1048576K
}
Event: 2580.111 GC heap after
{Heap after GC invocations=111 (full 0):
 garbage-first heap   total 270336K, used 210793K [0x0000000080000000, 0x0000000100000000)
  region size 1024K, 3 young (3072K), 3 survivors (3072K)
 Metaspace       used 117384K, capacity 120711K, committed 120912K, reserved 1155072K
  class space    used 14793K, capacity 16037K, committed 16128K, reserved 1048576K
}
Event: 2580.351 GC heap before
{Heap before GC invocations=112 (full 0):
 garbage-first heap   total 270336K, used 228201K [0x0000000080000000, 0x0000000100000000)
  region size 1024K, 23 young (23552K), 3 survivors (3072K)
 Metaspace       used 117396K, capacity 120711K, committed 120912K, reserved 1155072K
  class space    used 14793K, capacity 16037K, committed 16128K, reserved 1048576K
}
Event: 2580.358 GC heap after
{Heap after GC invocations=113 (full 0):
 garbage-first heap   total 270336K, used 213238K [0x0000000080000000, 0x0000000100000000)
  region size 1024K, 3 young (3072K), 3 survivors (3072K)
 Metaspace       used 117396K, capacity 120711K, committed 120912K, reserved 1155072K
  class space    used 14793K, capacity 16037K, committed 16128K, reserved 1048576K
}
Event: 2580.402 GC heap before
{Heap before GC invocations=113 (full 0):
 garbage-first heap   total 270336K, used 223478K [0x0000000080000000, 0x0000000100000000)
  region size 1024K, 13 young (13312K), 3 survivors (3072K)
 Metaspace       used 117403K, capacity 120711K, committed 120912K, reserved 1155072K
  class space    used 14793K, capacity 16037K, committed 16128K, reserved 1048576K
}
Event: 2580.406 GC heap after
{Heap after GC invocations=114 (full 0):
 garbage-first heap   total 270336K, used 215127K [0x0000000080000000, 0x0000000100000000)
  region size 1024K, 2 young (2048K), 2 survivors (2048K)
 Metaspace       used 117403K, capacity 120711K, committed 120912K, reserved 1155072K
  class space    used 14793K, capacity 16037K, committed 16128K, reserved 1048576K
}
Event: 2580.438 GC heap before
{Heap before GC invocations=114 (full 0):
 garbage-first heap   total 270336K, used 220247K [0x0000000080000000, 0x0000000100000000)
  region size 1024K, 8 young (8192K), 2 survivors (2048K)
 Metaspace       used 117403K, capacity 120711K, committed 120912K, reserved 1155072K
  class space    used 14793K, capacity 16037K, committed 16128K, reserved 1048576K
}
Event: 2580.443 GC heap after
{Heap after GC invocations=115 (full 0):
 garbage-first heap   total 270336K, used 216233K [0x0000000080000000, 0x0000000100000000)
  region size 1024K, 1 young (1024K), 1 survivors (1024K)
 Metaspace       used 117403K, capacity 120711K, committed 120912K, reserved 1155072K
  class space    used 14793K, capacity 16037K, committed 16128K, reserved 1048576K
}
Event: 2580.533 GC heap before
{Heap before GC invocations=115 (full 0):
 garbage-first heap   total 270336K, used 230569K [0x0000000080000000, 0x0000000100000000)
  region size 1024K, 13 young (13312K), 1 survivors (1024K)
 Metaspace       used 117404K, capacity 120711K, committed 120912K, reserved 1155072K
  class space    used 14793K, capacity 16037K, committed 16128K, reserved 1048576K
}
Event: 2580.538 GC heap after
{Heap after GC invocations=116 (full 0):
 garbage-first heap   total 270336K, used 221648K [0x0000000080000000, 0x0000000100000000)
  region size 1024K, 2 young (2048K), 2 survivors (2048K)
 Metaspace       used 117404K, capacity 120711K, committed 120912K, reserved 1155072K
  class space    used 14793K, capacity 16037K, committed 16128K, reserved 1048576K
}
Event: 2580.632 GC heap before
{Heap before GC invocations=116 (full 0):
 garbage-first heap   total 270336K, used 231888K [0x0000000080000000, 0x0000000100000000)
  region size 1024K, 13 young (13312K), 2 survivors (2048K)
 Metaspace       used 117404K, capacity 120711K, committed 120912K, reserved 1155072K
  class space    used 14793K, capacity 16037K, committed 16128K, reserved 1048576K
}
Event: 2580.640 GC heap after
{Heap after GC invocations=117 (full 0):
 garbage-first heap   total 270336K, used 224823K [0x0000000080000000, 0x0000000100000000)
  region size 1024K, 2 young (2048K), 2 survivors (2048K)
 Metaspace       used 117404K, capacity 120711K, committed 120912K, reserved 1155072K
  class space    used 14793K, capacity 16037K, committed 16128K, reserved 1048576K
}
Event: 2580.690 GC heap before
{Heap before GC invocations=118 (full 0):
 garbage-first heap   total 270336K, used 236087K [0x0000000080000000, 0x0000000100000000)
  region size 1024K, 13 young (13312K), 2 survivors (2048K)
 Metaspace       used 117412K, capacity 120711K, committed 120912K, reserved 1155072K
  class space    used 14794K, capacity 16037K, committed 16128K, reserved 1048576K
}

