# JRE version: OpenJDK Runtime Environment (11.0.15) (build 11.0.15+0-b2043.56-9505619)
# Java VM: OpenJDK 64-Bit Server VM (11.0.15+0-b2043.56-9505619, mixed mode, tiered, compressed oops, g1 gc, windows-amd64)
Heap:
 garbage-first heap   total 272384K, used 184929K [0x0000000080000000, 0x0000000100000000)
  region size 1024K, 12 young (12288K), 6 survivors (6144K)
 Metaspace       used 108251K, capacity 111443K, committed 111696K, reserved 1146880K
  class space    used 13856K, capacity 15022K, committed 15104K, reserved 1048576K
GC Heap History (20 events):
Event: 22.805 GC heap before
{Heap before GC invocations=74 (full 0):
 garbage-first heap   total 226304K, used 173735K [0x0000000080000000, 0x0000000100000000)
  region size 1024K, 17 young (17408K), 4 survivors (4096K)
 Metaspace       used 85997K, capacity 88628K, committed 88912K, reserved 1126400K
  class space    used 11290K, capacity 12253K, committed 12288K, reserved 1048576K
}
Event: 22.811 GC heap after
{Heap after GC invocations=75 (full 0):
 garbage-first heap   total 226304K, used 163242K [0x0000000080000000, 0x0000000100000000)
  region size 1024K, 3 young (3072K), 3 survivors (3072K)
 Metaspace       used 85997K, capacity 88628K, committed 88912K, reserved 1126400K
  class space    used 11290K, capacity 12253K, committed 12288K, reserved 1048576K
}
Event: 23.011 GC heap before
{Heap before GC invocations=76 (full 0):
 garbage-first heap   total 226304K, used 188842K [0x0000000080000000, 0x0000000100000000)
  region size 1024K, 27 young (27648K), 3 survivors (3072K)
 Metaspace       used 87824K, capacity 90474K, committed 90704K, reserved 1128448K
  class space    used 11433K, capacity 12418K, committed 12544K, reserved 1048576K
}
Event: 23.015 GC heap after
{Heap after GC invocations=77 (full 0):
 garbage-first heap   total 226304K, used 162814K [0x0000000080000000, 0x0000000100000000)
  region size 1024K, 1 young (1024K), 1 survivors (1024K)
 Metaspace       used 87824K, capacity 90474K, committed 90704K, reserved 1128448K
  class space    used 11433K, capacity 12418K, committed 12544K, reserved 1048576K
}
Event: 23.186 GC heap before
{Heap before GC invocations=77 (full 0):
 garbage-first heap   total 226304K, used 187390K [0x0000000080000000, 0x0000000100000000)
  region size 1024K, 26 young (26624K), 1 survivors (1024K)
 Metaspace       used 89515K, capacity 92188K, committed 92368K, reserved 1128448K
  class space    used 11677K, capacity 12646K, committed 12672K, reserved 1048576K
}
Event: 23.189 GC heap after
{Heap after GC invocations=78 (full 0):
 garbage-first heap   total 226304K, used 163099K [0x0000000080000000, 0x0000000100000000)
  region size 1024K, 1 young (1024K), 1 survivors (1024K)
 Metaspace       used 89515K, capacity 92188K, committed 92368K, reserved 1128448K
  class space    used 11677K, capacity 12646K, committed 12672K, reserved 1048576K
}
Event: 23.639 GC heap before
{Heap before GC invocations=79 (full 0):
 garbage-first heap   total 226304K, used 188699K [0x0000000080000000, 0x0000000100000000)
  region size 1024K, 27 young (27648K), 1 survivors (1024K)
 Metaspace       used 93182K, capacity 95879K, committed 95952K, reserved 1132544K
  class space    used 12184K, capacity 13160K, committed 13184K, reserved 1048576K
}
Event: 23.642 GC heap after
{Heap after GC invocations=80 (full 0):
 garbage-first heap   total 226304K, used 164410K [0x0000000080000000, 0x0000000100000000)
  region size 1024K, 2 young (2048K), 2 survivors (2048K)
 Metaspace       used 93182K, capacity 95879K, committed 95952K, reserved 1132544K
  class space    used 12184K, capacity 13160K, committed 13184K, reserved 1048576K
}
Event: 24.243 GC heap before
{Heap before GC invocations=80 (full 0):
 garbage-first heap   total 226304K, used 191034K [0x0000000080000000, 0x0000000100000000)
  region size 1024K, 28 young (28672K), 2 survivors (2048K)
 Metaspace       used 95142K, capacity 97986K, committed 98128K, reserved 1134592K
  class space    used 12449K, capacity 13487K, committed 13568K, reserved 1048576K
}
Event: 24.248 GC heap after
{Heap after GC invocations=81 (full 0):
 garbage-first heap   total 226304K, used 166178K [0x0000000080000000, 0x0000000100000000)
  region size 1024K, 4 young (4096K), 4 survivors (4096K)
 Metaspace       used 95142K, capacity 97986K, committed 98128K, reserved 1134592K
  class space    used 12449K, capacity 13487K, committed 13568K, reserved 1048576K
}
Event: 24.965 GC heap before
{Heap before GC invocations=82 (full 0):
 garbage-first heap   total 226304K, used 191778K [0x0000000080000000, 0x0000000100000000)
  region size 1024K, 30 young (30720K), 4 survivors (4096K)
 Metaspace       used 98946K, capacity 101859K, committed 102096K, reserved 1138688K
  class space    used 12881K, capacity 13945K, committed 13952K, reserved 1048576K
}
Event: 24.974 GC heap after
{Heap after GC invocations=83 (full 0):
 garbage-first heap   total 272384K, used 167539K [0x0000000080000000, 0x0000000100000000)
  region size 1024K, 4 young (4096K), 4 survivors (4096K)
 Metaspace       used 98946K, capacity 101859K, committed 102096K, reserved 1138688K
  class space    used 12881K, capacity 13945K, committed 13952K, reserved 1048576K
}
Event: 26.328 GC heap before
{Heap before GC invocations=83 (full 0):
 garbage-first heap   total 272384K, used 210547K [0x0000000080000000, 0x0000000100000000)
  region size 1024K, 46 young (47104K), 4 survivors (4096K)
 Metaspace       used 105458K, capacity 108373K, committed 108624K, reserved 1142784K
  class space    used 13678K, capacity 14799K, committed 14848K, reserved 1048576K
}
Event: 26.343 GC heap after
{Heap after GC invocations=84 (full 0):
 garbage-first heap   total 272384K, used 170795K [0x0000000080000000, 0x0000000100000000)
  region size 1024K, 6 young (6144K), 6 survivors (6144K)
 Metaspace       used 105458K, capacity 108373K, committed 108624K, reserved 1142784K
  class space    used 13678K, capacity 14799K, committed 14848K, reserved 1048576K
}
Event: 27.950 GC heap before
{Heap before GC invocations=85 (full 0):
 garbage-first heap   total 272384K, used 213803K [0x0000000080000000, 0x0000000100000000)
  region size 1024K, 49 young (50176K), 6 survivors (6144K)
 Metaspace       used 106335K, capacity 109394K, committed 109648K, reserved 1144832K
  class space    used 13724K, capacity 14847K, committed 14848K, reserved 1048576K
}
Event: 27.964 GC heap after
{Heap after GC invocations=86 (full 0):
 garbage-first heap   total 272384K, used 174854K [0x0000000080000000, 0x0000000100000000)
  region size 1024K, 7 young (7168K), 7 survivors (7168K)
 Metaspace       used 106335K, capacity 109394K, committed 109648K, reserved 1144832K
  class space    used 13724K, capacity 14847K, committed 14848K, reserved 1048576K
}
Event: 28.825 GC heap before
{Heap before GC invocations=86 (full 0):
 garbage-first heap   total 272384K, used 218886K [0x0000000080000000, 0x0000000100000000)
  region size 1024K, 50 young (51200K), 7 survivors (7168K)
 Metaspace       used 107089K, capacity 110115K, committed 110288K, reserved 1144832K
  class space    used 13760K, capacity 14881K, committed 14976K, reserved 1048576K
}
Event: 28.836 GC heap after
{Heap after GC invocations=87 (full 0):
 garbage-first heap   total 272384K, used 177446K [0x0000000080000000, 0x0000000100000000)
  region size 1024K, 3 young (3072K), 3 survivors (3072K)
 Metaspace       used 107089K, capacity 110115K, committed 110288K, reserved 1144832K
  class space    used 13760K, capacity 14881K, committed 14976K, reserved 1048576K
}
Event: 30.127 GC heap before
{Heap before GC invocations=88 (full 0):
 garbage-first heap   total 272384K, used 220454K [0x0000000080000000, 0x0000000100000000)
  region size 1024K, 46 young (47104K), 3 survivors (3072K)
 Metaspace       used 108054K, capacity 111121K, committed 111440K, reserved 1146880K
  class space    used 13831K, capacity 14980K, committed 15104K, reserved 1048576K
}
Event: 30.134 GC heap after
{Heap after GC invocations=89 (full 0):
 garbage-first heap   total 272384K, used 179809K [0x0000000080000000, 0x0000000100000000)
  region size 1024K, 6 young (6144K), 6 survivors (6144K)
 Metaspace       used 108054K, capacity 111121K, committed 111440K, reserved 1146880K
  class space    used 13831K, capacity 14980K, committed 15104K, reserved 1048576K
}

