# JRE version: OpenJDK Runtime Environment (11.0.15) (build 11.0.15+0-b2043.56-9505619)
# Java VM: OpenJDK 64-Bit Server VM (11.0.15+0-b2043.56-9505619, mixed mode, tiered, compressed oops, g1 gc, windows-amd64)
Heap:
 garbage-first heap   total 285696K, used 142819K [0x0000000080000000, 0x0000000100000000)
  region size 1024K, 1 young (1024K), 1 survivors (1024K)
 Metaspace       used 109115K, capacity 112417K, committed 112680K, reserved 1146880K
  class space    used 14106K, capacity 15353K, committed 15436K, reserved 1048576K
GC Heap History (20 events):
Event: 18.183 GC heap after
{Heap after GC invocations=30 (full 0):
 garbage-first heap   total 225280K, used 114873K [0x0000000080000000, 0x0000000100000000)
  region size 1024K, 10 young (10240K), 10 survivors (10240K)
 Metaspace       used 102272K, capacity 105406K, committed 105896K, reserved 1140736K
  class space    used 13209K, capacity 14348K, committed 14540K, reserved 1048576K
}
Event: 18.465 GC heap before
{Heap before GC invocations=31 (full 0):
 garbage-first heap   total 225280K, used 178361K [0x0000000080000000, 0x0000000100000000)
  region size 1024K, 72 young (73728K), 10 survivors (10240K)
 Metaspace       used 104701K, capacity 107948K, committed 108200K, reserved 1142784K
  class space    used 13544K, capacity 14753K, committed 14796K, reserved 1048576K
}
Event: 18.480 GC heap after
{Heap after GC invocations=32 (full 0):
 garbage-first heap   total 225280K, used 126916K [0x0000000080000000, 0x0000000100000000)
  region size 1024K, 9 young (9216K), 9 survivors (9216K)
 Metaspace       used 104701K, capacity 107948K, committed 108200K, reserved 1142784K
  class space    used 13544K, capacity 14753K, committed 14796K, reserved 1048576K
}
Event: 18.493 GC heap before
{Heap before GC invocations=32 (full 0):
 garbage-first heap   total 225280K, used 131012K [0x0000000080000000, 0x0000000100000000)
  region size 1024K, 14 young (14336K), 9 survivors (9216K)
 Metaspace       used 104884K, capacity 108134K, committed 108328K, reserved 1142784K
  class space    used 13577K, capacity 14794K, committed 14924K, reserved 1048576K
}
Event: 18.501 GC heap after
{Heap after GC invocations=33 (full 0):
 garbage-first heap   total 225280K, used 129916K [0x0000000080000000, 0x0000000100000000)
  region size 1024K, 2 young (2048K), 2 survivors (2048K)
 Metaspace       used 104884K, capacity 108134K, committed 108328K, reserved 1142784K
  class space    used 13577K, capacity 14794K, committed 14924K, reserved 1048576K
}
Event: 18.685 GC heap before
{Heap before GC invocations=33 (full 0):
 garbage-first heap   total 225280K, used 163708K [0x0000000080000000, 0x0000000100000000)
  region size 1024K, 35 young (35840K), 2 survivors (2048K)
 Metaspace       used 106643K, capacity 109916K, committed 110120K, reserved 1144832K
  class space    used 13855K, capacity 15088K, committed 15180K, reserved 1048576K
}
Event: 18.692 GC heap after
{Heap after GC invocations=34 (full 0):
 garbage-first heap   total 225280K, used 136098K [0x0000000080000000, 0x0000000100000000)
  region size 1024K, 5 young (5120K), 5 survivors (5120K)
 Metaspace       used 106643K, capacity 109916K, committed 110120K, reserved 1144832K
  class space    used 13855K, capacity 15088K, committed 15180K, reserved 1048576K
}
Event: 18.864 GC heap before
{Heap before GC invocations=35 (full 0):
 garbage-first heap   total 225280K, used 168866K [0x0000000080000000, 0x0000000100000000)
  region size 1024K, 38 young (38912K), 5 survivors (5120K)
 Metaspace       used 107689K, capacity 111025K, committed 111400K, reserved 1144832K
  class space    used 14038K, capacity 15281K, committed 15436K, reserved 1048576K
}
Event: 18.872 GC heap after
{Heap after GC invocations=36 (full 0):
 garbage-first heap   total 225280K, used 140362K [0x0000000080000000, 0x0000000100000000)
  region size 1024K, 5 young (5120K), 5 survivors (5120K)
 Metaspace       used 107689K, capacity 111025K, committed 111400K, reserved 1144832K
  class space    used 14038K, capacity 15281K, committed 15436K, reserved 1048576K
}
Event: 18.910 GC heap before
{Heap before GC invocations=36 (full 0):
 garbage-first heap   total 225280K, used 145482K [0x0000000080000000, 0x0000000100000000)
  region size 1024K, 11 young (11264K), 5 survivors (5120K)
 Metaspace       used 107823K, capacity 111129K, committed 111400K, reserved 1144832K
  class space    used 14047K, capacity 15293K, committed 15436K, reserved 1048576K
}
Event: 18.915 GC heap after
{Heap after GC invocations=37 (full 0):
 garbage-first heap   total 225280K, used 141036K [0x0000000080000000, 0x0000000100000000)
  region size 1024K, 1 young (1024K), 1 survivors (1024K)
 Metaspace       used 107823K, capacity 111129K, committed 111400K, reserved 1144832K
  class space    used 14047K, capacity 15293K, committed 15436K, reserved 1048576K
}
Event: 19.073 GC heap before
{Heap before GC invocations=37 (full 0):
 garbage-first heap   total 225280K, used 172780K [0x0000000080000000, 0x0000000100000000)
  region size 1024K, 31 young (31744K), 1 survivors (1024K)
 Metaspace       used 108298K, capacity 111655K, committed 111912K, reserved 1146880K
  class space    used 14079K, capacity 15331K, committed 15436K, reserved 1048576K
}
Event: 19.076 GC heap after
{Heap after GC invocations=38 (full 0):
 garbage-first heap   total 225280K, used 144466K [0x0000000080000000, 0x0000000100000000)
  region size 1024K, 4 young (4096K), 4 survivors (4096K)
 Metaspace       used 108298K, capacity 111655K, committed 111912K, reserved 1146880K
  class space    used 14079K, capacity 15331K, committed 15436K, reserved 1048576K
}
Event: 19.237 GC heap before
{Heap before GC invocations=39 (full 0):
 garbage-first heap   total 225280K, used 175186K [0x0000000080000000, 0x0000000100000000)
  region size 1024K, 34 young (34816K), 4 survivors (4096K)
 Metaspace       used 108873K, capacity 112207K, committed 112424K, reserved 1146880K
  class space    used 14104K, capacity 15349K, committed 15436K, reserved 1048576K
}
Event: 19.240 GC heap after
{Heap after GC invocations=40 (full 0):
 garbage-first heap   total 225280K, used 144627K [0x0000000080000000, 0x0000000100000000)
  region size 1024K, 2 young (2048K), 2 survivors (2048K)
 Metaspace       used 108873K, capacity 112207K, committed 112424K, reserved 1146880K
  class space    used 14104K, capacity 15349K, committed 15436K, reserved 1048576K
}
Event: 19.261 GC heap before
{Heap before GC invocations=40 (full 0):
 garbage-first heap   total 225280K, used 152819K [0x0000000080000000, 0x0000000100000000)
  region size 1024K, 11 young (11264K), 2 survivors (2048K)
 Metaspace       used 108925K, capacity 112220K, committed 112424K, reserved 1146880K
  class space    used 14106K, capacity 15353K, committed 15436K, reserved 1048576K
}
Event: 19.264 GC heap after
{Heap after GC invocations=41 (full 0):
 garbage-first heap   total 225280K, used 142887K [0x0000000080000000, 0x0000000100000000)
  region size 1024K, 1 young (1024K), 1 survivors (1024K)
 Metaspace       used 108925K, capacity 112220K, committed 112424K, reserved 1146880K
  class space    used 14106K, capacity 15353K, committed 15436K, reserved 1048576K
}
Event: 19.321 GC heap before
{Heap before GC invocations=41 (full 0):
 garbage-first heap   total 225280K, used 177703K [0x0000000080000000, 0x0000000100000000)
  region size 1024K, 35 young (35840K), 1 survivors (1024K)
 Metaspace       used 108972K, capacity 112286K, committed 112424K, reserved 1146880K
  class space    used 14106K, capacity 15353K, committed 15436K, reserved 1048576K
}
Event: 19.324 GC heap after
{Heap after GC invocations=42 (full 0):
 garbage-first heap   total 225280K, used 142758K [0x0000000080000000, 0x0000000100000000)
  region size 1024K, 1 young (1024K), 1 survivors (1024K)
 Metaspace       used 108972K, capacity 112286K, committed 112424K, reserved 1146880K
  class space    used 14106K, capacity 15353K, committed 15436K, reserved 1048576K
}
Event: 19.413 GC heap before
{Heap before GC invocations=42 (full 0):
 garbage-first heap   total 225280K, used 179622K [0x0000000080000000, 0x0000000100000000)
  region size 1024K, 37 young (37888K), 1 survivors (1024K)
 Metaspace       used 109115K, capacity 112417K, committed 112680K, reserved 1146880K
  class space    used 14106K, capacity 15353K, committed 15436K, reserved 1048576K
}

